#
# A fatal error has been detected by the Java Runtime Environment:
#
#  Internal Error (javaClasses.cpp:126), pid=2324, tid=3928
#  fatal error: Invalid layout of preloaded class
#
# JRE version:  (8.0_20-b26) (build )
# Java VM: Java HotSpot(TM) 64-Bit Server VM (25.20-b23 mixed mode windows-amd64 compressed oops)
# Failed to write core dump. Minidumps are not enabled by default on client versions of Windows
#
# If you would like to submit a bug report, please visit:
#   http://bugreport.sun.com/bugreport/crash.jsp
#

---------------  T H R E A D  ---------------

Current thread (0x000000000267e000):  JavaThread "Unknown thread" [_thread_in_vm, id=3928, stack(0x00000000027d0000,0x00000000028d0000)]

Stack: [0x00000000027d0000,0x00000000028d0000]
Native frames: (J=compiled Java code, j=interpreted, Vv=VM code, C=native code)
V  [jvm.dll+0x3152fa]
V  [jvm.dll+0x265d03]
V  [jvm.dll+0x266943]
V  [jvm.dll+0x25e1e6]
V  [jvm.dll+0x5e64c]
V  [jvm.dll+0x5e743]
V  [jvm.dll+0x7316a]
V  [jvm.dll+0x734c8]
V  [jvm.dll+0xe3937]
V  [jvm.dll+0xe3cc6]
V  [jvm.dll+0x1f89d7]
V  [jvm.dll+0x229fc4]
V  [jvm.dll+0x14c6f1]
C  [javaw.exe+0x20c6]
C  [javaw.exe+0xc9eb]
C  [javaw.exe+0xca7f]
C  [kernel32.dll+0x159ed]
C  [ntdll.dll+0x2c541]


---------------  P R O C E S S  ---------------

Java Threads: ( => current thread )

Other Threads:

=>0x000000000267e000 (exited) JavaThread "Unknown thread" [_thread_in_vm, id=3928, stack(0x00000000027d0000,0x00000000028d0000)]

VM state:not at safepoint (not fully initialized)

VM Mutex/Monitor currently owned by a thread: None

GC Heap History (0 events):
No events

Deoptimization events (0 events):
No events

Internal exceptions (0 events):
No events

Events (10 events):
Event: 0.078 loading class java/lang/CharSequence done
Event: 0.078 loading class java/lang/String done
Event: 0.078 loading class java/lang/Class
Event: 0.078 loading class java/lang/reflect/AnnotatedElement
Event: 0.078 loading class java/lang/reflect/AnnotatedElement done
Event: 0.078 loading class java/lang/reflect/GenericDeclaration
Event: 0.078 loading class java/lang/reflect/GenericDeclaration done
Event: 0.078 loading class java/lang/reflect/Type
Event: 0.078 loading class java/lang/reflect/Type done
Event: 0.078 loading class java/lang/Class done


Dynamic libraries:
0x000000013f050000 - 0x000000013f084000 	D:\Java\jre1.8.0.20\bin\javaw.exe
0x0000000077170000 - 0x0000000077319000 	C:\Windows\SYSTEM32\ntdll.dll
0x0000000076f10000 - 0x000000007702f000 	C:\Windows\system32\kernel32.dll
0x000007fefcf20000 - 0x000007fefcf8c000 	C:\Windows\system32\KERNELBASE.dll
0x000007fefed80000 - 0x000007fefee5b000 	C:\Windows\system32\ADVAPI32.dll
0x000007fefecb0000 - 0x000007fefed4f000 	C:\Windows\system32\msvcrt.dll
0x000007fefea50000 - 0x000007fefea6f000 	C:\Windows\SYSTEM32\sechost.dll
0x000007fefefd0000 - 0x000007feff0fd000 	C:\Windows\system32\RPCRT4.dll
0x0000000076e10000 - 0x0000000076f0a000 	C:\Windows\system32\USER32.dll
0x000007fefe310000 - 0x000007fefe377000 	C:\Windows\system32\GDI32.dll
0x000007fefea40000 - 0x000007fefea4e000 	C:\Windows\system32\LPK.dll
0x000007fefe5a0000 - 0x000007fefe669000 	C:\Windows\system32\USP10.dll
0x000007fefb770000 - 0x000007fefb964000 	C:\Windows\WinSxS\amd64_microsoft.windows.common-controls_6595b64144ccf1df_6.0.7601.17514_none_fa396087175ac9ac\COMCTL32.dll
0x000007feff400000 - 0x000007feff471000 	C:\Windows\system32\SHLWAPI.dll
0x000007fefed50000 - 0x000007fefed7e000 	C:\Windows\system32\IMM32.DLL
0x000007fefe200000 - 0x000007fefe309000 	C:\Windows\system32\MSCTF.dll
0x000007fefcca0000 - 0x000007fefccc0000 	C:\Windows\system32\nvinitx.dll
0x0000000069ce0000 - 0x0000000069db2000 	D:\Java\jre1.8.0.20\bin\msvcr100.dll
0x0000000067a90000 - 0x00000000682e8000 	D:\Java\jre1.8.0.20\bin\server\jvm.dll
0x000007fef9110000 - 0x000007fef9119000 	C:\Windows\system32\WSOCK32.dll
0x000007feff3b0000 - 0x000007feff3fd000 	C:\Windows\system32\WS2_32.dll
0x000007fefe670000 - 0x000007fefe678000 	C:\Windows\system32\NSI.dll
0x000007fefce00000 - 0x000007fefce3b000 	C:\Windows\system32\WINMM.dll
0x0000000077330000 - 0x0000000077337000 	C:\Windows\system32\PSAPI.DLL
0x000000006ad10000 - 0x000000006ad1f000 	D:\Java\jre1.8.0.20\bin\verify.dll
0x000000006ace0000 - 0x000000006ad08000 	D:\Java\jre1.8.0.20\bin\java.dll
0x000000006a010000 - 0x000000006a026000 	D:\Java\jre1.8.0.20\bin\zip.dll
0x000007fef8a70000 - 0x000007fef8b95000 	C:\Windows\system32\dbghelp.dll

VM Arguments:
jvm_args: -Dfile.encoding=GBK -Xbootclasspath:D:\android\android-sdk-windows\platforms\android-17\android.jar 
java_command: com.demo.qilu.weather.test
java_class_path (initial): E:\project\cee\libs\android-support-v4.jar;E:\project\cee\libs\baidumapapi_v2_4_2.jar;E:\project\cee\bin\classes
Launcher Type: SUN_STANDARD

Environment Variables:
JAVA_HOME=D:\Java\jdk1.8.0_20
CLASSPATH=.;D:\Java\jdk1.8.0_20\lib\dt.jar;D:\Java\jdk1.8.0_20\lib\tools.jar
PATH=D:/Java/jdk1.8.0_20/bin/../jre/bin/server;D:/Java/jdk1.8.0_20/bin/../jre/bin;D:/Java/jdk1.8.0_20/bin/../jre/lib/amd64;D:\Java\jdk1.8.0_20\bin;C:\ProgramData\Oracle\Java\javapath;C:\Windows\system32;C:\Windows;C:\Windows\System32\Wbem;C:\Windows\System32\WindowsPowerShell\v1.0\;C:\Program Files\Intel\WiFi\bin\;C:\Program Files\Common Files\Intel\WirelessCommon\;C:\Program Files\Microsoft\Web Platform Installer\;C:\Program Files (x86)\Microsoft ASP.NET\ASP.NET Web Pages\v1.0\;C:\Program Files (x86)\Windows Kits\8.0\Windows Performance Toolkit\;C:\Program Files\Microsoft SQL Server\110\Tools\Binn\;D:\rose\common;D:\VC6.0\Tools\WinNT;D:\VC6.0\MSDev98\Bin;D:\VC6.0\Tools;D:\VC98\bin;D:\eclipse;
USERNAME=wxg
OS=Windows_NT
PROCESSOR_IDENTIFIER=Intel64 Family 6 Model 37 Stepping 5, GenuineIntel



---------------  S Y S T E M  ---------------

OS: Windows 7 , 64 bit Build 7601 Service Pack 1

CPU:total 4 (2 cores per cpu, 2 threads per core) family 6 model 37 stepping 5, cmov, cx8, fxsr, mmx, sse, sse2, sse3, ssse3, sse4.1, sse4.2, popcnt, ht, tsc, tscinvbit

Memory: 4k page, physical 3985884k(2034636k free), swap 7969904k(5744380k free)

vm_info: Java HotSpot(TM) 64-Bit Server VM (25.20-b23) for windows-amd64 JRE (1.8.0_20-b26), built on Jul 30 2014 13:51:23 by "java_re" with MS VC++ 10.0 (VS2010)

time: Mon Oct 20 16:28:31 2014
elapsed time: 0 seconds (0d 0h 0m 0s)

